<?xml version="1.0" encoding="UTF-8"?>
<testng-results skipped="0" failed="0" total="2" passed="2">
  <reporter-output>
  </reporter-output>
  <suite name="Default suite" duration-ms="47256" started-at="2019-08-28T06:36:05Z" finished-at="2019-08-28T06:36:52Z">
    <groups>
    </groups>
    <test name="Default test" duration-ms="47256" started-at="2019-08-28T06:36:05Z" finished-at="2019-08-28T06:36:52Z">
      <class name="hinder.Hinder1">
        <test-method status="PASS" signature="hello()[pri:0, instance:hinder.Hinder1@5b275dab]" name="hello" duration-ms="25292" started-at="2019-08-28T12:06:05Z" finished-at="2019-08-28T12:06:30Z">
          <reporter-output>
          </reporter-output>
        </test-method> <!-- hello -->
        <test-method status="PASS" signature="run()[pri:0, instance:hinder.Hinder1@5b275dab]" name="run" duration-ms="21907" started-at="2019-08-28T12:06:30Z" finished-at="2019-08-28T12:06:52Z">
          <reporter-output>
          </reporter-output>
        </test-method> <!-- run -->
      </class> <!-- hinder.Hinder1 -->
    </test> <!-- Default test -->
  </suite> <!-- Default suite -->
</testng-results>
